<?xml version="1.0" encoding="utf-8"?><testsuites name="pytest tests"><testsuite name="pytest" errors="0" failures="0" skipped="0" tests="26" time="11.102" timestamp="2026-04-18T23:46:32.486355+00:00" hostname="agent-env-7800cd0f-951e-40bc-88fd-97ee5b9b8a5b"><testcase classname="backend.tests.test_dfw_hvac" name="test_page_returns_200[/]" time="0.726" /><testcase classname="backend.tests.test_dfw_hvac" name="test_page_returns_200[/about]" time="0.284" /><testcase classname="backend.tests.test_dfw_hvac" name="test_page_returns_200[/contact]" time="0.460" /><testcase classname="backend.tests.test_dfw_hvac" name="test_page_returns_200[/services]" time="0.517" /><testcase classname="backend.tests.test_dfw_hvac" name="test_page_returns_200[/services/residential/indoor-air-quality]" time="0.659" /><testcase classname="backend.tests.test_dfw_hvac" name="test_page_returns_200[/cities-served]" time="0.390" /><testcase classname="backend.tests.test_dfw_hvac" name="test_page_returns_200[/cities-served/plano]" time="0.953" /><testcase classname="backend.tests.test_dfw_hvac" name="test_page_returns_200[/reviews]" time="0.516" /><testcase classname="backend.tests.test_dfw_hvac" name="test_page_returns_200[/faq]" time="0.533" /><testcase classname="backend.tests.test_dfw_hvac" name="test_page_returns_200[/estimate]" time="0.393" /><testcase classname="backend.tests.test_dfw_hvac" name="test_page_returns_200[/request-service]" time="0.361" /><testcase classname="backend.tests.test_dfw_hvac" name="test_page_returns_200[/recent-projects]" time="0.375" /><testcase classname="backend.tests.test_dfw_hvac" name="test_page_returns_200[/privacy-policy]" time="0.258" /><testcase classname="backend.tests.test_dfw_hvac" name="test_page_returns_200[/terms-of-service]" time="0.246" /><testcase classname="backend.tests.test_dfw_hvac" name="test_page_returns_200[/sitemap.xml]" time="0.183" /><testcase classname="backend.tests.test_dfw_hvac" name="test_page_returns_200[/robots.txt]" time="0.119" /><testcase classname="backend.tests.test_dfw_hvac" name="test_security_headers_present" time="0.525" /><testcase classname="backend.tests.test_dfw_hvac" name="test_redirects[/scheduleservicecall-/request-service]" time="0.123" /><testcase classname="backend.tests.test_dfw_hvac" name="test_redirects[/installation-/estimate]" time="0.104" /><testcase classname="backend.tests.test_dfw_hvac" name="test_redirects[/iaq-/services/residential/indoor-air-quality]" time="0.104" /><testcase classname="backend.tests.test_dfw_hvac" name="test_leads_missing_fields_returns_400" time="0.009" /><testcase classname="backend.tests.test_dfw_hvac" name="test_leads_valid_payload_returns_success" time="0.239" /><testcase classname="backend.tests.test_dfw_hvac" name="test_leads_html_sanitization" time="0.189" /><testcase classname="backend.tests.test_dfw_hvac" name="test_leads_rate_limit" time="1.466" /><testcase classname="backend.tests.test_dfw_hvac" name="test_cron_without_auth_returns_401" time="0.005" /><testcase classname="backend.tests.test_dfw_hvac" name="test_cron_with_valid_bearer_passes_auth" time="1.302" /></testsuite></testsuites>