<?xml version="1.0" encoding="utf-8"?><testsuites name="pytest tests"><testsuite name="pytest" errors="0" failures="1" skipped="0" tests="41" time="42.807" timestamp="2026-04-27T17:39:08.868733+00:00" hostname="agent-env-09d55b84-0197-42a3-8529-f24bc4f93d0c"><testcase classname="backend.tests.test_brand_refactor" name="test_sitemap_has_expected_page_count" time="0.286" /><testcase classname="backend.tests.test_brand_refactor" name="test_all_sitemap_pages_return_200" time="28.304" /><testcase classname="backend.tests.test_brand_refactor" name="test_hero_gradient_pages_use_canonical_tokens[/]" time="0.302" /><testcase classname="backend.tests.test_brand_refactor" name="test_hero_gradient_pages_use_canonical_tokens[/financing]" time="0.364" /><testcase classname="backend.tests.test_brand_refactor" name="test_hero_gradient_pages_use_canonical_tokens[/repair-or-replace]" time="0.370" /><testcase classname="backend.tests.test_brand_refactor" name="test_hero_gradient_pages_use_canonical_tokens[/services/system-replacement]" time="0.371" /><testcase classname="backend.tests.test_brand_refactor" name="test_hero_gradient_pages_use_canonical_tokens[/replacement-estimator]" time="0.355" /><testcase classname="backend.tests.test_brand_refactor" name="test_hero_gradient_pages_use_canonical_tokens[/privacy-policy]" time="0.375" /><testcase classname="backend.tests.test_brand_refactor" name="test_hero_gradient_pages_use_canonical_tokens[/terms-of-service]" time="0.349" /><testcase classname="backend.tests.test_brand_refactor" name="test_hero_gradient_pages_use_canonical_tokens[/services]" time="0.509" /><testcase classname="backend.tests.test_brand_refactor" name="test_hero_gradient_pages_use_canonical_tokens[/cities-served]" time="0.522" /><testcase classname="backend.tests.test_brand_refactor" name="test_hero_gradient_pages_use_canonical_tokens[/cities-served/plano]" time="0.649" /><testcase classname="backend.tests.test_brand_refactor" name="test_hero_gradient_pages_use_canonical_tokens[/recent-projects]" time="0.365" /><testcase classname="backend.tests.test_brand_refactor" name="test_hero_gradient_pages_use_canonical_tokens[/request-service]" time="0.381" /><testcase classname="backend.tests.test_brand_refactor" name="test_not_found_page_renders" time="0.245" /><testcase classname="backend.tests.test_brand_refactor" name="test_funnel_pages_use_growth_green[/financing]" time="0.382" /><testcase classname="backend.tests.test_brand_refactor" name="test_funnel_pages_use_growth_green[/replacement-estimator]" time="0.351" /><testcase classname="backend.tests.test_brand_refactor" name="test_funnel_pages_use_growth_green[/repair-or-replace]" time="0.370" /><testcase classname="backend.tests.test_brand_refactor" name="test_stars_use_alert_amber_not_yellow[/]" time="0.315"><failure message="Failed: / still uses yellow-XXX classes (should be alert-amber per design_guidelines.md). Examples: ['class=&quot;flex items-center justify-center gap-1 text-yellow-500 mb-2&quot;', 'class=&quot;flex items-center justify-center gap-1 text-yellow-500 mb-2&quot;', 'class=&quot;lucide lucide-star w-4 h-4 text-yellow-500 fill-current&quot;']">E   Failed: / still uses yellow-XXX classes (should be alert-amber per design_guidelines.md). Examples: ['class="flex items-center justify-center gap-1 text-yellow-500 mb-2"', 'class="flex items-center justify-center gap-1 text-yellow-500 mb-2"', 'class="lucide lucide-star w-4 h-4 text-yellow-500 fill-current"']</failure></testcase><testcase classname="backend.tests.test_brand_refactor" name="test_stars_use_alert_amber_not_yellow[/reviews]" time="0.520" /><testcase classname="backend.tests.test_brand_refactor" name="test_no_forbidden_inline_hero_gradients[/]" time="0.281" /><testcase classname="backend.tests.test_brand_refactor" name="test_no_forbidden_inline_hero_gradients[/financing]" time="0.359" /><testcase classname="backend.tests.test_brand_refactor" name="test_no_forbidden_inline_hero_gradients[/repair-or-replace]" time="0.379" /><testcase classname="backend.tests.test_brand_refactor" name="test_no_forbidden_inline_hero_gradients[/services/system-replacement]" time="0.367" /><testcase classname="backend.tests.test_brand_refactor" name="test_no_forbidden_inline_hero_gradients[/replacement-estimator]" time="0.386" /><testcase classname="backend.tests.test_brand_refactor" name="test_no_forbidden_inline_hero_gradients[/privacy-policy]" time="0.384" /><testcase classname="backend.tests.test_brand_refactor" name="test_no_forbidden_inline_hero_gradients[/terms-of-service]" time="0.372" /><testcase classname="backend.tests.test_brand_refactor" name="test_no_forbidden_inline_hero_gradients[/services]" time="0.492" /><testcase classname="backend.tests.test_brand_refactor" name="test_no_forbidden_inline_hero_gradients[/cities-served]" time="0.506" /><testcase classname="backend.tests.test_brand_refactor" name="test_no_forbidden_inline_hero_gradients[/cities-served/plano]" time="0.615" /><testcase classname="backend.tests.test_brand_refactor" name="test_no_forbidden_inline_hero_gradients[/recent-projects]" time="0.394" /><testcase classname="backend.tests.test_brand_refactor" name="test_no_forbidden_inline_hero_gradients[/request-service]" time="0.411" /><testcase classname="backend.tests.test_brand_refactor" name="test_cta_labels_present[/financing-labels0]" time="0.355" /><testcase classname="backend.tests.test_brand_refactor" name="test_cta_labels_present[/replacement-estimator-labels1]" time="0.373" /><testcase classname="backend.tests.test_brand_refactor" name="test_cta_labels_present[/services/system-replacement-labels2]" time="0.377" /><testcase classname="backend.tests.test_brand_refactor" name="test_cta_labels_present[/repair-or-replace-labels3]" time="0.376" /><testcase classname="backend.tests.test_brand_refactor" name="test_cta_labels_present[/contact-labels4]" time="0.281" /><testcase classname="backend.tests.test_brand_refactor" name="test_footer_icon_colors_red_and_blue_only" time="0.307" /><testcase classname="backend.tests.test_brand_refactor" name="test_api_leads_accepts_valid_submission" time="0.013" /><testcase classname="backend.tests.test_brand_refactor" name="test_api_estimator_calculate" time="0.004" /><testcase classname="backend.tests.test_brand_refactor" name="test_api_estimator_calculate_rejects_invalid" time="0.004" /></testsuite></testsuites>